#
# A fatal error has been detected by the Java Runtime Environment:
#
#  EXCEPTION_ACCESS_VIOLATION (0xc0000005) at pc=0x00007ffeaf535397, pid=10132, tid=21816
#
# JRE version: Java(TM) SE Runtime Environment (13.0.1+9) (build 13.0.1+9)
# Java VM: Java HotSpot(TM) 64-Bit Server VM (13.0.1+9, mixed mode, sharing, tiered, compressed oops, g1 gc, windows-amd64)
# Problematic frame:
# C  [glfw.dll+0x5397]
#
# No core dump will be written. Minidumps are not enabled by default on client versions of Windows
#
# If you would like to submit a bug report, please visit:
#   http://bugreport.java.com/bugreport/crash.jsp
# The crash happened outside the Java Virtual Machine in native code.
# See problematic frame for where to report the bug.
#

---------------  S U M M A R Y ------------

Command Line: -agentlib:jdwp=transport=dt_socket,address=127.0.0.1:50997,suspend=y,server=n -javaagent:C:\Users\CHRIST~1\AppData\Local\Temp\groovyHotSwap290jars\gragent.jar -javaagent:C:\Users\CHRIST~1\AppData\Local\Temp\captureAgent1076jars\debugger-agent.jar -Dfile.encoding=UTF-8 com.gamelibrary2d.demos.drawing.DrawingDemo

Host: Intel(R) Core(TM) i7-8550U CPU @ 1.80GHz, 8 cores, 15G,  Windows 10 , 64 bit Build 18362 (10.0.18362.1350)
Time: Sun Jul  4 17:26:20 2021 W. Europe Summer Time elapsed time: 6 seconds (0d 0h 0m 6s)

---------------  T H R E A D  ---------------

Current thread (0x0000020044907800):  JavaThread "main" [_thread_in_native, id=21816, stack(0x0000002f3b000000,0x0000002f3b100000)]

Stack: [0x0000002f3b000000,0x0000002f3b100000],  sp=0x0000002f3b0fed78,  free space=1019k
Native frames: (J=compiled Java code, j=interpreted, Vv=VM code, C=native code)
C  [glfw.dll+0x5397]

Java frames: (J=compiled Java code, j=interpreted, Vv=VM code)
j  org.lwjgl.system.JNI.invokePPPV(JJJJ)V+0
j  org.lwjgl.glfw.GLFW.nglfwGetMonitorPhysicalSize(JJJ)V+22
j  org.lwjgl.glfw.GLFW.glfwGetMonitorPhysicalSize(JLjava/nio/IntBuffer;Ljava/nio/IntBuffer;)V+25
j  com.gamelibrary2d.framework.lwjgl.GlfwWindow.getPrimaryMonitor()J+35
j  com.gamelibrary2d.framework.lwjgl.GlfwWindow.initialize()V+336
j  com.gamelibrary2d.AbstractGame.start(Lcom/gamelibrary2d/framework/Window;Lcom/gamelibrary2d/framework/GameLoop;)V+11
j  com.gamelibrary2d.Game.start(Lcom/gamelibrary2d/framework/Window;)V+10
j  com.gamelibrary2d.demos.drawing.DrawingDemo.main([Ljava/lang/String;)V+11
v  ~StubRoutines::call_stub

siginfo: EXCEPTION_ACCESS_VIOLATION (0xc0000005), writing address 0x0000000000000010


Register to memory mapping:

RIP=0x00007ffeaf535397 glfw.dll
RAX=0x0 is NULL
RBX={method} {0x0000020068871128} 'invokePPPV' '(JJJJ)V' in 'org/lwjgl/system/JNI'
RCX=0x0000020068e93050 points into unknown readable memory: 70 0a 62 69 00 02 00 00
RDX=0x0000000000000010 is an unknown value
RSP=0x0000002f3b0fed78 is pointing into the stack for thread: 0x0000020044907800
RBP=0x0000002f3b0fee28 is pointing into the stack for thread: 0x0000020044907800
RSI=0x0000000000000148 is an unknown value
RDI=0x0000000000000324 is an unknown value
R8 =0x0000000000000010 is an unknown value
R9 =0x0000000000000010 is an unknown value
R10=0x000002004ce160e7 is at code_begin+1959 in an Interpreter codelet
method entry point (kind = native)  [0x000002004ce15940, 0x000002004ce16ce0]  5024 bytes
R11=0x00000007107113f8 is an oop: java.lang.Class 
{0x00000007107113f8} - klass: 'java/lang/Class'
R12=0x0 is NULL
R13={method} {0x0000020068871128} 'invokePPPV' '(JJJJ)V' in 'org/lwjgl/system/JNI'
R14=0x0000002f3b0fee80 is pointing into the stack for thread: 0x0000020044907800
R15=0x0000020044907800 is a thread


Registers:
RAX=0x0000000000000000, RBX=0x0000020068871120, RCX=0x0000020068e93050, RDX=0x0000000000000010
RSP=0x0000002f3b0fed78, RBP=0x0000002f3b0fee28, RSI=0x0000000000000148, RDI=0x0000000000000324
R8 =0x0000000000000010, R9 =0x0000000000000010, R10=0x000002004ce160e7, R11=0x00000007107113f8
R12=0x0000000000000000, R13=0x0000020068871120, R14=0x0000002f3b0fee80, R15=0x0000020044907800
RIP=0x00007ffeaf535397, EFLAGS=0x0000000000010202

Top of Stack: (sp=0x0000002f3b0fed78)
0x0000002f3b0fed78:   000002004ce16116 0000020044907800
0x0000002f3b0fed88:   0000000000000148 0000020068871120
0x0000002f3b0fed98:   0000000000000010 0000000000000010
0x0000002f3b0feda8:   00007ffeaf535390 0000020068871120
0x0000002f3b0fedb8:   0000000000000148 0000002f3b0fee30
0x0000002f3b0fedc8:   00007ffea6322ba9 0000020044907800
0x0000002f3b0fedd8:   000002004ce159f6 0000002f3b0fede0
0x0000002f3b0fede8:   0000020068871120 0000002f3b0fee80
0x0000002f3b0fedf8:   000002006889b638 0000000000000000
0x0000002f3b0fee08:   00000007107113f8 0000020068871120
0x0000002f3b0fee18:   0000000000000000 0000002f3b0fee48
0x0000002f3b0fee28:   0000002f3b0feed0 000002004ce0cdb8
0x0000002f3b0fee38:   00000007107113f8 000002004ce11018
0x0000002f3b0fee48:   00007ffeaf535390 0000000000000000
0x0000002f3b0fee58:   0000000000000010 0000000000000000
0x0000002f3b0fee68:   0000000000000010 0000000000000000 

Instructions: (pc=0x00007ffeaf535397)
0x00007ffeaf535297:   41 2b 43 14 48 8b 5c 24 08 c3 cc cc cc cc cc cc
0x00007ffeaf5352a7:   cc cc cc cc cc cc cc cc cc 40 57 48 83 ec 20 83
0x00007ffeaf5352b7:   3d 33 28 05 00 00 48 8b f9 75 14 33 d2 b9 01 00
0x00007ffeaf5352c7:   01 00 e8 92 c9 ff ff 33 c0 48 83 c4 20 5f c3 48
0x00007ffeaf5352d7:   89 5c 24 30 48 8d 59 68 48 8b 49 68 e8 60 39 01
0x00007ffeaf5352e7:   00 48 8b 4b 08 e8 57 39 01 00 48 8b 4b 10 e8 4e
0x00007ffeaf5352f7:   39 01 00 0f 57 c0 48 8b d3 0f 11 03 48 8b cf 0f
0x00007ffeaf535307:   11 43 10 e8 b1 45 00 00 33 c9 85 c0 48 0f 44 d9
0x00007ffeaf535317:   48 8b c3 48 8b 5c 24 30 48 83 c4 20 5f c3 cc cc
0x00007ffeaf535327:   cc cc cc cc cc cc cc cc cc 33 c0 48 85 d2 74 02
0x00007ffeaf535337:   89 02 4d 85 c0 74 03 41 89 00 39 05 a9 27 05 00
0x00007ffeaf535347:   75 0c 33 d2 b9 01 00 01 00 e9 0b c9 ff ff e9 16
0x00007ffeaf535357:   47 00 00 cc cc cc cc cc cc 48 83 ec 28 83 3d 85
0x00007ffeaf535367:   27 05 00 00 75 13 33 d2 b9 01 00 01 00 e8 e7 c8
0x00007ffeaf535377:   ff ff 33 c0 48 83 c4 28 c3 48 8b 01 48 83 c4 28
0x00007ffeaf535387:   c3 cc cc cc cc cc cc cc cc 33 c0 48 85 d2 74 02
0x00007ffeaf535397:   89 02 4d 85 c0 74 03 41 89 00 39 05 49 27 05 00
0x00007ffeaf5353a7:   75 0c 33 d2 b9 01 00 01 00 e9 ab c8 ff ff 48 85
0x00007ffeaf5353b7:   d2 74 05 8b 41 10 89 02 4d 85 c0 74 06 8b 41 14
0x00007ffeaf5353c7:   41 89 00 c3 cc cc cc cc cc 33 c0 48 85 d2 74 02
0x00007ffeaf5353d7:   89 02 4d 85 c0 74 03 41 89 00 39 05 09 27 05 00
0x00007ffeaf5353e7:   75 0c 33 d2 b9 01 00 01 00 e9 6b c8 ff ff e9 46
0x00007ffeaf5353f7:   47 00 00 cc cc cc cc cc cc 48 83 ec 28 83 3d e5
0x00007ffeaf535407:   26 05 00 00 75 13 33 d2 b9 01 00 01 00 e8 47 c8
0x00007ffeaf535417:   ff ff 33 c0 48 83 c4 28 c3 48 8b 41 08 48 83 c4
0x00007ffeaf535427:   28 c3 cc cc cc cc cc cc cc 45 33 d2 48 85 d2 74
0x00007ffeaf535437:   03 44 89 12 4d 85 c0 74 03 45 89 10 4d 85 c9 74
0x00007ffeaf535447:   03 45 89 11 48 8b 44 24 28 48 85 c0 74 03 44 89
0x00007ffeaf535457:   10 44 39 15 91 26 05 00 75 0c 33 d2 b9 01 00 01
0x00007ffeaf535467:   00 e9 f3 c7 ff ff 48 89 44 24 28 e9 69 47 00 00
0x00007ffeaf535477:   cc cc cc cc cc cc cc cc cc 48 83 ec 28 c7 01 00
0x00007ffeaf535487:   00 00 00 83 3d 5f 26 05 00 00 75 13 33 d2 b9 01 


Stack slot to memory mapping:
stack at sp + 0 slots: 0x000002004ce16116 is at code_begin+2006 in an Interpreter codelet
method entry point (kind = native)  [0x000002004ce15940, 0x000002004ce16ce0]  5024 bytes
stack at sp + 1 slots: 0x0000020044907800 is a thread
stack at sp + 2 slots: 0x0000000000000148 is an unknown value
stack at sp + 3 slots: {method} {0x0000020068871128} 'invokePPPV' '(JJJJ)V' in 'org/lwjgl/system/JNI'
stack at sp + 4 slots: 0x0000000000000010 is an unknown value
stack at sp + 5 slots: 0x0000000000000010 is an unknown value
stack at sp + 6 slots: 0x00007ffeaf535390 glfw.dll
stack at sp + 7 slots: {method} {0x0000020068871128} 'invokePPPV' '(JJJJ)V' in 'org/lwjgl/system/JNI'


---------------  P R O C E S S  ---------------

Threads class SMR info:
_java_thread_list=0x000002006d261440, length=14, elements={
0x0000020044907800, 0x000002006837b800, 0x0000020068381800, 0x0000020068c1f800,
0x0000020068c20800, 0x0000020068c24000, 0x0000020068c26800, 0x0000020068c34000,
0x0000020068c10800, 0x0000020068e1d000, 0x0000020068e80000, 0x0000020068e90800,
0x0000020068f55000, 0x0000020069609000
}

Java Threads: ( => current thread )
=>0x0000020044907800 JavaThread "main" [_thread_in_native, id=21816, stack(0x0000002f3b000000,0x0000002f3b100000)]
  0x000002006837b800 JavaThread "Reference Handler" daemon [_thread_blocked, id=3868, stack(0x0000002f3b700000,0x0000002f3b800000)]
  0x0000020068381800 JavaThread "Finalizer" daemon [_thread_blocked, id=18640, stack(0x0000002f3b800000,0x0000002f3b900000)]
  0x0000020068c1f800 JavaThread "Signal Dispatcher" daemon [_thread_blocked, id=9364, stack(0x0000002f3b900000,0x0000002f3ba00000)]
  0x0000020068c20800 JavaThread "Attach Listener" daemon [_thread_blocked, id=9664, stack(0x0000002f3ba00000,0x0000002f3bb00000)]
  0x0000020068c24000 JavaThread "C2 CompilerThread0" daemon [_thread_blocked, id=1452, stack(0x0000002f3bb00000,0x0000002f3bc00000)]
  0x0000020068c26800 JavaThread "C1 CompilerThread0" daemon [_thread_blocked, id=2568, stack(0x0000002f3bc00000,0x0000002f3bd00000)]
  0x0000020068c34000 JavaThread "Sweeper thread" daemon [_thread_blocked, id=17952, stack(0x0000002f3bd00000,0x0000002f3be00000)]
  0x0000020068c10800 JavaThread "Common-Cleaner" daemon [_thread_blocked, id=13232, stack(0x0000002f3be00000,0x0000002f3bf00000)]
  0x0000020068e1d000 JavaThread "JDWP Transport Listener: dt_socket" daemon [_thread_blocked, id=12328, stack(0x0000002f3c000000,0x0000002f3c100000)]
  0x0000020068e80000 JavaThread "JDWP Event Helper Thread" daemon [_thread_blocked, id=4048, stack(0x0000002f3c100000,0x0000002f3c200000)]
  0x0000020068e90800 JavaThread "JDWP Command Reader" daemon [_thread_in_native, id=17264, stack(0x0000002f3c200000,0x0000002f3c300000)]
  0x0000020068f55000 JavaThread "Service Thread" daemon [_thread_blocked, id=4704, stack(0x0000002f3bf00000,0x0000002f3c000000)]
  0x0000020069609000 JavaThread "C2 CompilerThread1" daemon [_thread_blocked, id=16264, stack(0x0000002f3cb10000,0x0000002f3cc10000)]

Other Threads:
  0x000002006837a000 VMThread "VM Thread" [stack: 0x0000002f3b600000,0x0000002f3b700000] [id=3360]
  0x0000020068f56800 WatcherThread [stack: 0x0000002f3c300000,0x0000002f3c400000] [id=4884]
  0x0000020044973000 GCTaskThread "GC Thread#0" [stack: 0x0000002f3b100000,0x0000002f3b200000] [id=13492]
  0x0000020069637000 GCTaskThread "GC Thread#1" [stack: 0x0000002f3cc10000,0x0000002f3cd10000] [id=14780]
  0x0000020069637800 GCTaskThread "GC Thread#2" [stack: 0x0000002f3cd10000,0x0000002f3ce10000] [id=21776]
  0x000002006d588800 GCTaskThread "GC Thread#3" [stack: 0x0000002f3ce10000,0x0000002f3cf10000] [id=20640]
  0x000002006d589800 GCTaskThread "GC Thread#4" [stack: 0x0000002f3cf10000,0x0000002f3d010000] [id=10588]
  0x000002006d5cc800 GCTaskThread "GC Thread#5" [stack: 0x0000002f3d010000,0x0000002f3d110000] [id=19372]
  0x0000020044994800 ConcurrentGCThread "G1 Main Marker" [stack: 0x0000002f3b200000,0x0000002f3b300000] [id=20924]
  0x0000020044996800 ConcurrentGCThread "G1 Conc#0" [stack: 0x0000002f3b300000,0x0000002f3b400000] [id=13852]
  0x0000020068276000 ConcurrentGCThread "G1 Refine#0" [stack: 0x0000002f3b400000,0x0000002f3b500000] [id=21988]
  0x0000020068278800 ConcurrentGCThread "G1 Young RemSet Sampling" [stack: 0x0000002f3b500000,0x0000002f3b600000] [id=11488]

Threads with active compile tasks:

VM state:not at safepoint (normal execution)

VM Mutex/Monitor currently owned by a thread: None

Heap address: 0x0000000702200000, size: 4062 MB, Compressed Oops mode: Zero based, Oop shift amount: 3
Narrow klass base: 0x0000000800000000, Narrow klass shift: 3
Compressed class space size: 1073741824 Address: 0x0000000800b40000

Heap:
 garbage-first heap   total 260096K, used 5325K [0x0000000702200000, 0x0000000800000000)
  region size 1024K, 7 young (7168K), 3 survivors (3072K)
 Metaspace       used 6029K, capacity 8887K, committed 9216K, reserved 1058816K
  class space    used 348K, capacity 649K, committed 768K, reserved 1048576K
Heap Regions: E=young(eden), S=young(survivor), O=old, HS=humongous(starts), HC=humongous(continues), CS=collection set, F=free, A=archive, TAMS=top-at-mark-start (previous, next)
|   0|0x0000000702200000, 0x0000000702200000, 0x0000000702300000|  0%| F|  |TAMS 0x0000000702200000, 0x0000000702200000| Untracked 
|   1|0x0000000702300000, 0x0000000702300000, 0x0000000702400000|  0%| F|  |TAMS 0x0000000702300000, 0x0000000702300000| Untracked 
|   2|0x0000000702400000, 0x0000000702400000, 0x0000000702500000|  0%| F|  |TAMS 0x0000000702400000, 0x0000000702400000| Untracked 
|   3|0x0000000702500000, 0x0000000702500000, 0x0000000702600000|  0%| F|  |TAMS 0x0000000702500000, 0x0000000702500000| Untracked 
|   4|0x0000000702600000, 0x0000000702600000, 0x0000000702700000|  0%| F|  |TAMS 0x0000000702600000, 0x0000000702600000| Untracked 
|   5|0x0000000702700000, 0x0000000702700000, 0x0000000702800000|  0%| F|  |TAMS 0x0000000702700000, 0x0000000702700000| Untracked 
|   6|0x0000000702800000, 0x0000000702800000, 0x0000000702900000|  0%| F|  |TAMS 0x0000000702800000, 0x0000000702800000| Untracked 
|   7|0x0000000702900000, 0x0000000702900000, 0x0000000702a00000|  0%| F|  |TAMS 0x0000000702900000, 0x0000000702900000| Untracked 
|   8|0x0000000702a00000, 0x0000000702a00000, 0x0000000702b00000|  0%| F|  |TAMS 0x0000000702a00000, 0x0000000702a00000| Untracked 
|   9|0x0000000702b00000, 0x0000000702b00000, 0x0000000702c00000|  0%| F|  |TAMS 0x0000000702b00000, 0x0000000702b00000| Untracked 
|  10|0x0000000702c00000, 0x0000000702c00000, 0x0000000702d00000|  0%| F|  |TAMS 0x0000000702c00000, 0x0000000702c00000| Untracked 
|  11|0x0000000702d00000, 0x0000000702d00000, 0x0000000702e00000|  0%| F|  |TAMS 0x0000000702d00000, 0x0000000702d00000| Untracked 
|  12|0x0000000702e00000, 0x0000000702e00000, 0x0000000702f00000|  0%| F|  |TAMS 0x0000000702e00000, 0x0000000702e00000| Untracked 
|  13|0x0000000702f00000, 0x0000000702f00000, 0x0000000703000000|  0%| F|  |TAMS 0x0000000702f00000, 0x0000000702f00000| Untracked 
|  14|0x0000000703000000, 0x0000000703000000, 0x0000000703100000|  0%| F|  |TAMS 0x0000000703000000, 0x0000000703000000| Untracked 
|  15|0x0000000703100000, 0x0000000703100000, 0x0000000703200000|  0%| F|  |TAMS 0x0000000703100000, 0x0000000703100000| Untracked 
|  16|0x0000000703200000, 0x0000000703200000, 0x0000000703300000|  0%| F|  |TAMS 0x0000000703200000, 0x0000000703200000| Untracked 
|  17|0x0000000703300000, 0x0000000703300000, 0x0000000703400000|  0%| F|  |TAMS 0x0000000703300000, 0x0000000703300000| Untracked 
|  18|0x0000000703400000, 0x0000000703400000, 0x0000000703500000|  0%| F|  |TAMS 0x0000000703400000, 0x0000000703400000| Untracked 
|  19|0x0000000703500000, 0x0000000703500000, 0x0000000703600000|  0%| F|  |TAMS 0x0000000703500000, 0x0000000703500000| Untracked 
|  20|0x0000000703600000, 0x0000000703600000, 0x0000000703700000|  0%| F|  |TAMS 0x0000000703600000, 0x0000000703600000| Untracked 
|  21|0x0000000703700000, 0x0000000703700000, 0x0000000703800000|  0%| F|  |TAMS 0x0000000703700000, 0x0000000703700000| Untracked 
|  22|0x0000000703800000, 0x0000000703800000, 0x0000000703900000|  0%| F|  |TAMS 0x0000000703800000, 0x0000000703800000| Untracked 
|  23|0x0000000703900000, 0x0000000703900000, 0x0000000703a00000|  0%| F|  |TAMS 0x0000000703900000, 0x0000000703900000| Untracked 
|  24|0x0000000703a00000, 0x0000000703a00000, 0x0000000703b00000|  0%| F|  |TAMS 0x0000000703a00000, 0x0000000703a00000| Untracked 
|  25|0x0000000703b00000, 0x0000000703b00000, 0x0000000703c00000|  0%| F|  |TAMS 0x0000000703b00000, 0x0000000703b00000| Untracked 
|  26|0x0000000703c00000, 0x0000000703c00000, 0x0000000703d00000|  0%| F|  |TAMS 0x0000000703c00000, 0x0000000703c00000| Untracked 
|  27|0x0000000703d00000, 0x0000000703d00000, 0x0000000703e00000|  0%| F|  |TAMS 0x0000000703d00000, 0x0000000703d00000| Untracked 
|  28|0x0000000703e00000, 0x0000000703e00000, 0x0000000703f00000|  0%| F|  |TAMS 0x0000000703e00000, 0x0000000703e00000| Untracked 
|  29|0x0000000703f00000, 0x0000000703f00000, 0x0000000704000000|  0%| F|  |TAMS 0x0000000703f00000, 0x0000000703f00000| Untracked 
|  30|0x0000000704000000, 0x0000000704000000, 0x0000000704100000|  0%| F|  |TAMS 0x0000000704000000, 0x0000000704000000| Untracked 
|  31|0x0000000704100000, 0x0000000704100000, 0x0000000704200000|  0%| F|  |TAMS 0x0000000704100000, 0x0000000704100000| Untracked 
|  32|0x0000000704200000, 0x0000000704200000, 0x0000000704300000|  0%| F|  |TAMS 0x0000000704200000, 0x0000000704200000| Untracked 
|  33|0x0000000704300000, 0x0000000704300000, 0x0000000704400000|  0%| F|  |TAMS 0x0000000704300000, 0x0000000704300000| Untracked 
|  34|0x0000000704400000, 0x0000000704400000, 0x0000000704500000|  0%| F|  |TAMS 0x0000000704400000, 0x0000000704400000| Untracked 
|  35|0x0000000704500000, 0x0000000704500000, 0x0000000704600000|  0%| F|  |TAMS 0x0000000704500000, 0x0000000704500000| Untracked 
|  36|0x0000000704600000, 0x0000000704600000, 0x0000000704700000|  0%| F|  |TAMS 0x0000000704600000, 0x0000000704600000| Untracked 
|  37|0x0000000704700000, 0x0000000704700000, 0x0000000704800000|  0%| F|  |TAMS 0x0000000704700000, 0x0000000704700000| Untracked 
|  38|0x0000000704800000, 0x0000000704800000, 0x0000000704900000|  0%| F|  |TAMS 0x0000000704800000, 0x0000000704800000| Untracked 
|  39|0x0000000704900000, 0x0000000704900000, 0x0000000704a00000|  0%| F|  |TAMS 0x0000000704900000, 0x0000000704900000| Untracked 
|  40|0x0000000704a00000, 0x0000000704a00000, 0x0000000704b00000|  0%| F|  |TAMS 0x0000000704a00000, 0x0000000704a00000| Untracked 
|  41|0x0000000704b00000, 0x0000000704b00000, 0x0000000704c00000|  0%| F|  |TAMS 0x0000000704b00000, 0x0000000704b00000| Untracked 
|  42|0x0000000704c00000, 0x0000000704c00000, 0x0000000704d00000|  0%| F|  |TAMS 0x0000000704c00000, 0x0000000704c00000| Untracked 
|  43|0x0000000704d00000, 0x0000000704d00000, 0x0000000704e00000|  0%| F|  |TAMS 0x0000000704d00000, 0x0000000704d00000| Untracked 
|  44|0x0000000704e00000, 0x0000000704e00000, 0x0000000704f00000|  0%| F|  |TAMS 0x0000000704e00000, 0x0000000704e00000| Untracked 
|  45|0x0000000704f00000, 0x0000000704f00000, 0x0000000705000000|  0%| F|  |TAMS 0x0000000704f00000, 0x0000000704f00000| Untracked 
|  46|0x0000000705000000, 0x0000000705000000, 0x0000000705100000|  0%| F|  |TAMS 0x0000000705000000, 0x0000000705000000| Untracked 
|  47|0x0000000705100000, 0x0000000705100000, 0x0000000705200000|  0%| F|  |TAMS 0x0000000705100000, 0x0000000705100000| Untracked 
|  48|0x0000000705200000, 0x0000000705200000, 0x0000000705300000|  0%| F|  |TAMS 0x0000000705200000, 0x0000000705200000| Untracked 
|  49|0x0000000705300000, 0x0000000705300000, 0x0000000705400000|  0%| F|  |TAMS 0x0000000705300000, 0x0000000705300000| Untracked 
|  50|0x0000000705400000, 0x0000000705400000, 0x0000000705500000|  0%| F|  |TAMS 0x0000000705400000, 0x0000000705400000| Untracked 
|  51|0x0000000705500000, 0x0000000705500000, 0x0000000705600000|  0%| F|  |TAMS 0x0000000705500000, 0x0000000705500000| Untracked 
|  52|0x0000000705600000, 0x0000000705600000, 0x0000000705700000|  0%| F|  |TAMS 0x0000000705600000, 0x0000000705600000| Untracked 
|  53|0x0000000705700000, 0x0000000705700000, 0x0000000705800000|  0%| F|  |TAMS 0x0000000705700000, 0x0000000705700000| Untracked 
|  54|0x0000000705800000, 0x0000000705800000, 0x0000000705900000|  0%| F|  |TAMS 0x0000000705800000, 0x0000000705800000| Untracked 
|  55|0x0000000705900000, 0x0000000705900000, 0x0000000705a00000|  0%| F|  |TAMS 0x0000000705900000, 0x0000000705900000| Untracked 
|  56|0x0000000705a00000, 0x0000000705a00000, 0x0000000705b00000|  0%| F|  |TAMS 0x0000000705a00000, 0x0000000705a00000| Untracked 
|  57|0x0000000705b00000, 0x0000000705b00000, 0x0000000705c00000|  0%| F|  |TAMS 0x0000000705b00000, 0x0000000705b00000| Untracked 
|  58|0x0000000705c00000, 0x0000000705c00000, 0x0000000705d00000|  0%| F|  |TAMS 0x0000000705c00000, 0x0000000705c00000| Untracked 
|  59|0x0000000705d00000, 0x0000000705d00000, 0x0000000705e00000|  0%| F|  |TAMS 0x0000000705d00000, 0x0000000705d00000| Untracked 
|  60|0x0000000705e00000, 0x0000000705e00000, 0x0000000705f00000|  0%| F|  |TAMS 0x0000000705e00000, 0x0000000705e00000| Untracked 
|  61|0x0000000705f00000, 0x0000000705f00000, 0x0000000706000000|  0%| F|  |TAMS 0x0000000705f00000, 0x0000000705f00000| Untracked 
|  62|0x0000000706000000, 0x0000000706000000, 0x0000000706100000|  0%| F|  |TAMS 0x0000000706000000, 0x0000000706000000| Untracked 
|  63|0x0000000706100000, 0x0000000706100000, 0x0000000706200000|  0%| F|  |TAMS 0x0000000706100000, 0x0000000706100000| Untracked 
|  64|0x0000000706200000, 0x0000000706200000, 0x0000000706300000|  0%| F|  |TAMS 0x0000000706200000, 0x0000000706200000| Untracked 
|  65|0x0000000706300000, 0x0000000706300000, 0x0000000706400000|  0%| F|  |TAMS 0x0000000706300000, 0x0000000706300000| Untracked 
|  66|0x0000000706400000, 0x0000000706400000, 0x0000000706500000|  0%| F|  |TAMS 0x0000000706400000, 0x0000000706400000| Untracked 
|  67|0x0000000706500000, 0x0000000706500000, 0x0000000706600000|  0%| F|  |TAMS 0x0000000706500000, 0x0000000706500000| Untracked 
|  68|0x0000000706600000, 0x0000000706600000, 0x0000000706700000|  0%| F|  |TAMS 0x0000000706600000, 0x0000000706600000| Untracked 
|  69|0x0000000706700000, 0x0000000706700000, 0x0000000706800000|  0%| F|  |TAMS 0x0000000706700000, 0x0000000706700000| Untracked 
|  70|0x0000000706800000, 0x0000000706800000, 0x0000000706900000|  0%| F|  |TAMS 0x0000000706800000, 0x0000000706800000| Untracked 
|  71|0x0000000706900000, 0x0000000706900000, 0x0000000706a00000|  0%| F|  |TAMS 0x0000000706900000, 0x0000000706900000| Untracked 
|  72|0x0000000706a00000, 0x0000000706a00000, 0x0000000706b00000|  0%| F|  |TAMS 0x0000000706a00000, 0x0000000706a00000| Untracked 
|  73|0x0000000706b00000, 0x0000000706b00000, 0x0000000706c00000|  0%| F|  |TAMS 0x0000000706b00000, 0x0000000706b00000| Untracked 
|  74|0x0000000706c00000, 0x0000000706c00000, 0x0000000706d00000|  0%| F|  |TAMS 0x0000000706c00000, 0x0000000706c00000| Untracked 
|  75|0x0000000706d00000, 0x0000000706d00000, 0x0000000706e00000|  0%| F|  |TAMS 0x0000000706d00000, 0x0000000706d00000| Untracked 
|  76|0x0000000706e00000, 0x0000000706e00000, 0x0000000706f00000|  0%| F|  |TAMS 0x0000000706e00000, 0x0000000706e00000| Untracked 
|  77|0x0000000706f00000, 0x0000000706f00000, 0x0000000707000000|  0%| F|  |TAMS 0x0000000706f00000, 0x0000000706f00000| Untracked 
|  78|0x0000000707000000, 0x0000000707000000, 0x0000000707100000|  0%| F|  |TAMS 0x0000000707000000, 0x0000000707000000| Untracked 
|  79|0x0000000707100000, 0x0000000707100000, 0x0000000707200000|  0%| F|  |TAMS 0x0000000707100000, 0x0000000707100000| Untracked 
|  80|0x0000000707200000, 0x0000000707200000, 0x0000000707300000|  0%| F|  |TAMS 0x0000000707200000, 0x0000000707200000| Untracked 
|  81|0x0000000707300000, 0x0000000707300000, 0x0000000707400000|  0%| F|  |TAMS 0x0000000707300000, 0x0000000707300000| Untracked 
|  82|0x0000000707400000, 0x0000000707400000, 0x0000000707500000|  0%| F|  |TAMS 0x0000000707400000, 0x0000000707400000| Untracked 
|  83|0x0000000707500000, 0x0000000707500000, 0x0000000707600000|  0%| F|  |TAMS 0x0000000707500000, 0x0000000707500000| Untracked 
|  84|0x0000000707600000, 0x0000000707600000, 0x0000000707700000|  0%| F|  |TAMS 0x0000000707600000, 0x0000000707600000| Untracked 
|  85|0x0000000707700000, 0x0000000707700000, 0x0000000707800000|  0%| F|  |TAMS 0x0000000707700000, 0x0000000707700000| Untracked 
|  86|0x0000000707800000, 0x0000000707800000, 0x0000000707900000|  0%| F|  |TAMS 0x0000000707800000, 0x0000000707800000| Untracked 
|  87|0x0000000707900000, 0x0000000707900000, 0x0000000707a00000|  0%| F|  |TAMS 0x0000000707900000, 0x0000000707900000| Untracked 
|  88|0x0000000707a00000, 0x0000000707a00000, 0x0000000707b00000|  0%| F|  |TAMS 0x0000000707a00000, 0x0000000707a00000| Untracked 
|  89|0x0000000707b00000, 0x0000000707b00000, 0x0000000707c00000|  0%| F|  |TAMS 0x0000000707b00000, 0x0000000707b00000| Untracked 
|  90|0x0000000707c00000, 0x0000000707c00000, 0x0000000707d00000|  0%| F|  |TAMS 0x0000000707c00000, 0x0000000707c00000| Untracked 
|  91|0x0000000707d00000, 0x0000000707d00000, 0x0000000707e00000|  0%| F|  |TAMS 0x0000000707d00000, 0x0000000707d00000| Untracked 
|  92|0x0000000707e00000, 0x0000000707e00000, 0x0000000707f00000|  0%| F|  |TAMS 0x0000000707e00000, 0x0000000707e00000| Untracked 
|  93|0x0000000707f00000, 0x0000000707f00000, 0x0000000708000000|  0%| F|  |TAMS 0x0000000707f00000, 0x0000000707f00000| Untracked 
|  94|0x0000000708000000, 0x0000000708000000, 0x0000000708100000|  0%| F|  |TAMS 0x0000000708000000, 0x0000000708000000| Untracked 
|  95|0x0000000708100000, 0x0000000708100000, 0x0000000708200000|  0%| F|  |TAMS 0x0000000708100000, 0x0000000708100000| Untracked 
|  96|0x0000000708200000, 0x0000000708200000, 0x0000000708300000|  0%| F|  |TAMS 0x0000000708200000, 0x0000000708200000| Untracked 
|  97|0x0000000708300000, 0x0000000708300000, 0x0000000708400000|  0%| F|  |TAMS 0x0000000708300000, 0x0000000708300000| Untracked 
|  98|0x0000000708400000, 0x0000000708400000, 0x0000000708500000|  0%| F|  |TAMS 0x0000000708400000, 0x0000000708400000| Untracked 
|  99|0x0000000708500000, 0x0000000708500000, 0x0000000708600000|  0%| F|  |TAMS 0x0000000708500000, 0x0000000708500000| Untracked 
| 100|0x0000000708600000, 0x0000000708600000, 0x0000000708700000|  0%| F|  |TAMS 0x0000000708600000, 0x0000000708600000| Untracked 
| 101|0x0000000708700000, 0x0000000708700000, 0x0000000708800000|  0%| F|  |TAMS 0x0000000708700000, 0x0000000708700000| Untracked 
| 102|0x0000000708800000, 0x0000000708800000, 0x0000000708900000|  0%| F|  |TAMS 0x0000000708800000, 0x0000000708800000| Untracked 
| 103|0x0000000708900000, 0x0000000708900000, 0x0000000708a00000|  0%| F|  |TAMS 0x0000000708900000, 0x0000000708900000| Untracked 
| 104|0x0000000708a00000, 0x0000000708a00000, 0x0000000708b00000|  0%| F|  |TAMS 0x0000000708a00000, 0x0000000708a00000| Untracked 
| 105|0x0000000708b00000, 0x0000000708b00000, 0x0000000708c00000|  0%| F|  |TAMS 0x0000000708b00000, 0x0000000708b00000| Untracked 
| 106|0x0000000708c00000, 0x0000000708c00000, 0x0000000708d00000|  0%| F|  |TAMS 0x0000000708c00000, 0x0000000708c00000| Untracked 
| 107|0x0000000708d00000, 0x0000000708d00000, 0x0000000708e00000|  0%| F|  |TAMS 0x0000000708d00000, 0x0000000708d00000| Untracked 
| 108|0x0000000708e00000, 0x0000000708e00000, 0x0000000708f00000|  0%| F|  |TAMS 0x0000000708e00000, 0x0000000708e00000| Untracked 
| 109|0x0000000708f00000, 0x0000000708f00000, 0x0000000709000000|  0%| F|  |TAMS 0x0000000708f00000, 0x0000000708f00000| Untracked 
| 110|0x0000000709000000, 0x0000000709000000, 0x0000000709100000|  0%| F|  |TAMS 0x0000000709000000, 0x0000000709000000| Untracked 
| 111|0x0000000709100000, 0x0000000709100000, 0x0000000709200000|  0%| F|  |TAMS 0x0000000709100000, 0x0000000709100000| Untracked 
| 112|0x0000000709200000, 0x0000000709200000, 0x0000000709300000|  0%| F|  |TAMS 0x0000000709200000, 0x0000000709200000| Untracked 
| 113|0x0000000709300000, 0x0000000709300000, 0x0000000709400000|  0%| F|  |TAMS 0x0000000709300000, 0x0000000709300000| Untracked 
| 114|0x0000000709400000, 0x0000000709400000, 0x0000000709500000|  0%| F|  |TAMS 0x0000000709400000, 0x0000000709400000| Untracked 
| 115|0x0000000709500000, 0x0000000709500000, 0x0000000709600000|  0%| F|  |TAMS 0x0000000709500000, 0x0000000709500000| Untracked 
| 116|0x0000000709600000, 0x0000000709600000, 0x0000000709700000|  0%| F|  |TAMS 0x0000000709600000, 0x0000000709600000| Untracked 
| 117|0x0000000709700000, 0x0000000709700000, 0x0000000709800000|  0%| F|  |TAMS 0x0000000709700000, 0x0000000709700000| Untracked 
| 118|0x0000000709800000, 0x0000000709800000, 0x0000000709900000|  0%| F|  |TAMS 0x0000000709800000, 0x0000000709800000| Untracked 
| 119|0x0000000709900000, 0x0000000709900000, 0x0000000709a00000|  0%| F|  |TAMS 0x0000000709900000, 0x0000000709900000| Untracked 
| 120|0x0000000709a00000, 0x0000000709a00000, 0x0000000709b00000|  0%| F|  |TAMS 0x0000000709a00000, 0x0000000709a00000| Untracked 
| 121|0x0000000709b00000, 0x0000000709b00000, 0x0000000709c00000|  0%| F|  |TAMS 0x0000000709b00000, 0x0000000709b00000| Untracked 
| 122|0x0000000709c00000, 0x0000000709c00000, 0x0000000709d00000|  0%| F|  |TAMS 0x0000000709c00000, 0x0000000709c00000| Untracked 
| 123|0x0000000709d00000, 0x0000000709d00000, 0x0000000709e00000|  0%| F|  |TAMS 0x0000000709d00000, 0x0000000709d00000| Untracked 
| 124|0x0000000709e00000, 0x0000000709e00000, 0x0000000709f00000|  0%| F|  |TAMS 0x0000000709e00000, 0x0000000709e00000| Untracked 
| 125|0x0000000709f00000, 0x0000000709f00000, 0x000000070a000000|  0%| F|  |TAMS 0x0000000709f00000, 0x0000000709f00000| Untracked 
| 126|0x000000070a000000, 0x000000070a000000, 0x000000070a100000|  0%| F|  |TAMS 0x000000070a000000, 0x000000070a000000| Untracked 
| 127|0x000000070a100000, 0x000000070a100000, 0x000000070a200000|  0%| F|  |TAMS 0x000000070a100000, 0x000000070a100000| Untracked 
| 128|0x000000070a200000, 0x000000070a200000, 0x000000070a300000|  0%| F|  |TAMS 0x000000070a200000, 0x000000070a200000| Untracked 
| 129|0x000000070a300000, 0x000000070a300000, 0x000000070a400000|  0%| F|  |TAMS 0x000000070a300000, 0x000000070a300000| Untracked 
| 130|0x000000070a400000, 0x000000070a400000, 0x000000070a500000|  0%| F|  |TAMS 0x000000070a400000, 0x000000070a400000| Untracked 
| 131|0x000000070a500000, 0x000000070a500000, 0x000000070a600000|  0%| F|  |TAMS 0x000000070a500000, 0x000000070a500000| Untracked 
| 132|0x000000070a600000, 0x000000070a600000, 0x000000070a700000|  0%| F|  |TAMS 0x000000070a600000, 0x000000070a600000| Untracked 
| 133|0x000000070a700000, 0x000000070a700000, 0x000000070a800000|  0%| F|  |TAMS 0x000000070a700000, 0x000000070a700000| Untracked 
| 134|0x000000070a800000, 0x000000070a800000, 0x000000070a900000|  0%| F|  |TAMS 0x000000070a800000, 0x000000070a800000| Untracked 
| 135|0x000000070a900000, 0x000000070a900000, 0x000000070aa00000|  0%| F|  |TAMS 0x000000070a900000, 0x000000070a900000| Untracked 
| 136|0x000000070aa00000, 0x000000070aa00000, 0x000000070ab00000|  0%| F|  |TAMS 0x000000070aa00000, 0x000000070aa00000| Untracked 
| 137|0x000000070ab00000, 0x000000070ab00000, 0x000000070ac00000|  0%| F|  |TAMS 0x000000070ab00000, 0x000000070ab00000| Untracked 
| 138|0x000000070ac00000, 0x000000070ac00000, 0x000000070ad00000|  0%| F|  |TAMS 0x000000070ac00000, 0x000000070ac00000| Untracked 
| 139|0x000000070ad00000, 0x000000070ad00000, 0x000000070ae00000|  0%| F|  |TAMS 0x000000070ad00000, 0x000000070ad00000| Untracked 
| 140|0x000000070ae00000, 0x000000070ae00000, 0x000000070af00000|  0%| F|  |TAMS 0x000000070ae00000, 0x000000070ae00000| Untracked 
| 141|0x000000070af00000, 0x000000070af00000, 0x000000070b000000|  0%| F|  |TAMS 0x000000070af00000, 0x000000070af00000| Untracked 
| 142|0x000000070b000000, 0x000000070b000000, 0x000000070b100000|  0%| F|  |TAMS 0x000000070b000000, 0x000000070b000000| Untracked 
| 143|0x000000070b100000, 0x000000070b100000, 0x000000070b200000|  0%| F|  |TAMS 0x000000070b100000, 0x000000070b100000| Untracked 
| 144|0x000000070b200000, 0x000000070b200000, 0x000000070b300000|  0%| F|  |TAMS 0x000000070b200000, 0x000000070b200000| Untracked 
| 145|0x000000070b300000, 0x000000070b300000, 0x000000070b400000|  0%| F|  |TAMS 0x000000070b300000, 0x000000070b300000| Untracked 
| 146|0x000000070b400000, 0x000000070b400000, 0x000000070b500000|  0%| F|  |TAMS 0x000000070b400000, 0x000000070b400000| Untracked 
| 147|0x000000070b500000, 0x000000070b500000, 0x000000070b600000|  0%| F|  |TAMS 0x000000070b500000, 0x000000070b500000| Untracked 
| 148|0x000000070b600000, 0x000000070b600000, 0x000000070b700000|  0%| F|  |TAMS 0x000000070b600000, 0x000000070b600000| Untracked 
| 149|0x000000070b700000, 0x000000070b700000, 0x000000070b800000|  0%| F|  |TAMS 0x000000070b700000, 0x000000070b700000| Untracked 
| 150|0x000000070b800000, 0x000000070b800000, 0x000000070b900000|  0%| F|  |TAMS 0x000000070b800000, 0x000000070b800000| Untracked 
| 151|0x000000070b900000, 0x000000070b900000, 0x000000070ba00000|  0%| F|  |TAMS 0x000000070b900000, 0x000000070b900000| Untracked 
| 152|0x000000070ba00000, 0x000000070ba00000, 0x000000070bb00000|  0%| F|  |TAMS 0x000000070ba00000, 0x000000070ba00000| Untracked 
| 153|0x000000070bb00000, 0x000000070bb00000, 0x000000070bc00000|  0%| F|  |TAMS 0x000000070bb00000, 0x000000070bb00000| Untracked 
| 154|0x000000070bc00000, 0x000000070bc00000, 0x000000070bd00000|  0%| F|  |TAMS 0x000000070bc00000, 0x000000070bc00000| Untracked 
| 155|0x000000070bd00000, 0x000000070bd00000, 0x000000070be00000|  0%| F|  |TAMS 0x000000070bd00000, 0x000000070bd00000| Untracked 
| 156|0x000000070be00000, 0x000000070be00000, 0x000000070bf00000|  0%| F|  |TAMS 0x000000070be00000, 0x000000070be00000| Untracked 
| 157|0x000000070bf00000, 0x000000070bf00000, 0x000000070c000000|  0%| F|  |TAMS 0x000000070bf00000, 0x000000070bf00000| Untracked 
| 158|0x000000070c000000, 0x000000070c000000, 0x000000070c100000|  0%| F|  |TAMS 0x000000070c000000, 0x000000070c000000| Untracked 
| 159|0x000000070c100000, 0x000000070c100000, 0x000000070c200000|  0%| F|  |TAMS 0x000000070c100000, 0x000000070c100000| Untracked 
| 160|0x000000070c200000, 0x000000070c200000, 0x000000070c300000|  0%| F|  |TAMS 0x000000070c200000, 0x000000070c200000| Untracked 
| 161|0x000000070c300000, 0x000000070c300000, 0x000000070c400000|  0%| F|  |TAMS 0x000000070c300000, 0x000000070c300000| Untracked 
| 162|0x000000070c400000, 0x000000070c400000, 0x000000070c500000|  0%| F|  |TAMS 0x000000070c400000, 0x000000070c400000| Untracked 
| 163|0x000000070c500000, 0x000000070c500000, 0x000000070c600000|  0%| F|  |TAMS 0x000000070c500000, 0x000000070c500000| Untracked 
| 164|0x000000070c600000, 0x000000070c600000, 0x000000070c700000|  0%| F|  |TAMS 0x000000070c600000, 0x000000070c600000| Untracked 
| 165|0x000000070c700000, 0x000000070c700000, 0x000000070c800000|  0%| F|  |TAMS 0x000000070c700000, 0x000000070c700000| Untracked 
| 166|0x000000070c800000, 0x000000070c800000, 0x000000070c900000|  0%| F|  |TAMS 0x000000070c800000, 0x000000070c800000| Untracked 
| 167|0x000000070c900000, 0x000000070c900000, 0x000000070ca00000|  0%| F|  |TAMS 0x000000070c900000, 0x000000070c900000| Untracked 
| 168|0x000000070ca00000, 0x000000070ca00000, 0x000000070cb00000|  0%| F|  |TAMS 0x000000070ca00000, 0x000000070ca00000| Untracked 
| 169|0x000000070cb00000, 0x000000070cb00000, 0x000000070cc00000|  0%| F|  |TAMS 0x000000070cb00000, 0x000000070cb00000| Untracked 
| 170|0x000000070cc00000, 0x000000070cc00000, 0x000000070cd00000|  0%| F|  |TAMS 0x000000070cc00000, 0x000000070cc00000| Untracked 
| 171|0x000000070cd00000, 0x000000070cd00000, 0x000000070ce00000|  0%| F|  |TAMS 0x000000070cd00000, 0x000000070cd00000| Untracked 
| 172|0x000000070ce00000, 0x000000070ce00000, 0x000000070cf00000|  0%| F|  |TAMS 0x000000070ce00000, 0x000000070ce00000| Untracked 
| 173|0x000000070cf00000, 0x000000070cf00000, 0x000000070d000000|  0%| F|  |TAMS 0x000000070cf00000, 0x000000070cf00000| Untracked 
| 174|0x000000070d000000, 0x000000070d000000, 0x000000070d100000|  0%| F|  |TAMS 0x000000070d000000, 0x000000070d000000| Untracked 
| 175|0x000000070d100000, 0x000000070d100000, 0x000000070d200000|  0%| F|  |TAMS 0x000000070d100000, 0x000000070d100000| Untracked 
| 176|0x000000070d200000, 0x000000070d200000, 0x000000070d300000|  0%| F|  |TAMS 0x000000070d200000, 0x000000070d200000| Untracked 
| 177|0x000000070d300000, 0x000000070d300000, 0x000000070d400000|  0%| F|  |TAMS 0x000000070d300000, 0x000000070d300000| Untracked 
| 178|0x000000070d400000, 0x000000070d400000, 0x000000070d500000|  0%| F|  |TAMS 0x000000070d400000, 0x000000070d400000| Untracked 
| 179|0x000000070d500000, 0x000000070d500000, 0x000000070d600000|  0%| F|  |TAMS 0x000000070d500000, 0x000000070d500000| Untracked 
| 180|0x000000070d600000, 0x000000070d600000, 0x000000070d700000|  0%| F|  |TAMS 0x000000070d600000, 0x000000070d600000| Untracked 
| 181|0x000000070d700000, 0x000000070d700000, 0x000000070d800000|  0%| F|  |TAMS 0x000000070d700000, 0x000000070d700000| Untracked 
| 182|0x000000070d800000, 0x000000070d800000, 0x000000070d900000|  0%| F|  |TAMS 0x000000070d800000, 0x000000070d800000| Untracked 
| 183|0x000000070d900000, 0x000000070d900000, 0x000000070da00000|  0%| F|  |TAMS 0x000000070d900000, 0x000000070d900000| Untracked 
| 184|0x000000070da00000, 0x000000070da00000, 0x000000070db00000|  0%| F|  |TAMS 0x000000070da00000, 0x000000070da00000| Untracked 
| 185|0x000000070db00000, 0x000000070db00000, 0x000000070dc00000|  0%| F|  |TAMS 0x000000070db00000, 0x000000070db00000| Untracked 
| 186|0x000000070dc00000, 0x000000070dc00000, 0x000000070dd00000|  0%| F|  |TAMS 0x000000070dc00000, 0x000000070dc00000| Untracked 
| 187|0x000000070dd00000, 0x000000070dd00000, 0x000000070de00000|  0%| F|  |TAMS 0x000000070dd00000, 0x000000070dd00000| Untracked 
| 188|0x000000070de00000, 0x000000070de00000, 0x000000070df00000|  0%| F|  |TAMS 0x000000070de00000, 0x000000070de00000| Untracked 
| 189|0x000000070df00000, 0x000000070df00000, 0x000000070e000000|  0%| F|  |TAMS 0x000000070df00000, 0x000000070df00000| Untracked 
| 190|0x000000070e000000, 0x000000070e000000, 0x000000070e100000|  0%| F|  |TAMS 0x000000070e000000, 0x000000070e000000| Untracked 
| 191|0x000000070e100000, 0x000000070e100000, 0x000000070e200000|  0%| F|  |TAMS 0x000000070e100000, 0x000000070e100000| Untracked 
| 192|0x000000070e200000, 0x000000070e200000, 0x000000070e300000|  0%| F|  |TAMS 0x000000070e200000, 0x000000070e200000| Untracked 
| 193|0x000000070e300000, 0x000000070e300000, 0x000000070e400000|  0%| F|  |TAMS 0x000000070e300000, 0x000000070e300000| Untracked 
| 194|0x000000070e400000, 0x000000070e400000, 0x000000070e500000|  0%| F|  |TAMS 0x000000070e400000, 0x000000070e400000| Untracked 
| 195|0x000000070e500000, 0x000000070e500000, 0x000000070e600000|  0%| F|  |TAMS 0x000000070e500000, 0x000000070e500000| Untracked 
| 196|0x000000070e600000, 0x000000070e600000, 0x000000070e700000|  0%| F|  |TAMS 0x000000070e600000, 0x000000070e600000| Untracked 
| 197|0x000000070e700000, 0x000000070e700000, 0x000000070e800000|  0%| F|  |TAMS 0x000000070e700000, 0x000000070e700000| Untracked 
| 198|0x000000070e800000, 0x000000070e800000, 0x000000070e900000|  0%| F|  |TAMS 0x000000070e800000, 0x000000070e800000| Untracked 
| 199|0x000000070e900000, 0x000000070e900000, 0x000000070ea00000|  0%| F|  |TAMS 0x000000070e900000, 0x000000070e900000| Untracked 
| 200|0x000000070ea00000, 0x000000070ea00000, 0x000000070eb00000|  0%| F|  |TAMS 0x000000070ea00000, 0x000000070ea00000| Untracked 
| 201|0x000000070eb00000, 0x000000070eb00000, 0x000000070ec00000|  0%| F|  |TAMS 0x000000070eb00000, 0x000000070eb00000| Untracked 
| 202|0x000000070ec00000, 0x000000070ec00000, 0x000000070ed00000|  0%| F|  |TAMS 0x000000070ec00000, 0x000000070ec00000| Untracked 
| 203|0x000000070ed00000, 0x000000070ed00000, 0x000000070ee00000|  0%| F|  |TAMS 0x000000070ed00000, 0x000000070ed00000| Untracked 
| 204|0x000000070ee00000, 0x000000070ee00000, 0x000000070ef00000|  0%| F|  |TAMS 0x000000070ee00000, 0x000000070ee00000| Untracked 
| 205|0x000000070ef00000, 0x000000070ef00000, 0x000000070f000000|  0%| F|  |TAMS 0x000000070ef00000, 0x000000070ef00000| Untracked 
| 206|0x000000070f000000, 0x000000070f000000, 0x000000070f100000|  0%| F|  |TAMS 0x000000070f000000, 0x000000070f000000| Untracked 
| 207|0x000000070f100000, 0x000000070f100000, 0x000000070f200000|  0%| F|  |TAMS 0x000000070f100000, 0x000000070f100000| Untracked 
| 208|0x000000070f200000, 0x000000070f200000, 0x000000070f300000|  0%| F|  |TAMS 0x000000070f200000, 0x000000070f200000| Untracked 
| 209|0x000000070f300000, 0x000000070f300000, 0x000000070f400000|  0%| F|  |TAMS 0x000000070f300000, 0x000000070f300000| Untracked 
| 210|0x000000070f400000, 0x000000070f400000, 0x000000070f500000|  0%| F|  |TAMS 0x000000070f400000, 0x000000070f400000| Untracked 
| 211|0x000000070f500000, 0x000000070f500000, 0x000000070f600000|  0%| F|  |TAMS 0x000000070f500000, 0x000000070f500000| Untracked 
| 212|0x000000070f600000, 0x000000070f600000, 0x000000070f700000|  0%| F|  |TAMS 0x000000070f600000, 0x000000070f600000| Untracked 
| 213|0x000000070f700000, 0x000000070f700000, 0x000000070f800000|  0%| F|  |TAMS 0x000000070f700000, 0x000000070f700000| Untracked 
| 214|0x000000070f800000, 0x000000070f800000, 0x000000070f900000|  0%| F|  |TAMS 0x000000070f800000, 0x000000070f800000| Untracked 
| 215|0x000000070f900000, 0x000000070f900000, 0x000000070fa00000|  0%| F|  |TAMS 0x000000070f900000, 0x000000070f900000| Untracked 
| 216|0x000000070fa00000, 0x000000070fa00000, 0x000000070fb00000|  0%| F|  |TAMS 0x000000070fa00000, 0x000000070fa00000| Untracked 
| 217|0x000000070fb00000, 0x000000070fb00000, 0x000000070fc00000|  0%| F|  |TAMS 0x000000070fb00000, 0x000000070fb00000| Untracked 
| 218|0x000000070fc00000, 0x000000070fc00000, 0x000000070fd00000|  0%| F|  |TAMS 0x000000070fc00000, 0x000000070fc00000| Untracked 
| 219|0x000000070fd00000, 0x000000070fd00000, 0x000000070fe00000|  0%| F|  |TAMS 0x000000070fd00000, 0x000000070fd00000| Untracked 
| 220|0x000000070fe00000, 0x000000070fe00000, 0x000000070ff00000|  0%| F|  |TAMS 0x000000070fe00000, 0x000000070fe00000| Untracked 
| 221|0x000000070ff00000, 0x000000070ff00000, 0x0000000710000000|  0%| F|  |TAMS 0x000000070ff00000, 0x000000070ff00000| Untracked 
| 222|0x0000000710000000, 0x0000000710000000, 0x0000000710100000|  0%| F|  |TAMS 0x0000000710000000, 0x0000000710000000| Untracked 
| 223|0x0000000710100000, 0x0000000710100000, 0x0000000710200000|  0%| F|  |TAMS 0x0000000710100000, 0x0000000710100000| Untracked 
| 224|0x0000000710200000, 0x0000000710200000, 0x0000000710300000|  0%| F|  |TAMS 0x0000000710200000, 0x0000000710200000| Untracked 
| 225|0x0000000710300000, 0x0000000710300000, 0x0000000710400000|  0%| F|  |TAMS 0x0000000710300000, 0x0000000710300000| Untracked 
| 226|0x0000000710400000, 0x0000000710400000, 0x0000000710500000|  0%| F|  |TAMS 0x0000000710400000, 0x0000000710400000| Untracked 
| 227|0x0000000710500000, 0x00000007105334b0, 0x0000000710600000| 20%| S|CS|TAMS 0x0000000710500000, 0x0000000710500000| Complete 
| 228|0x0000000710600000, 0x0000000710700000, 0x0000000710700000|100%| S|CS|TAMS 0x0000000710600000, 0x0000000710600000| Complete 
| 229|0x0000000710700000, 0x0000000710800000, 0x0000000710800000|100%| S|CS|TAMS 0x0000000710700000, 0x0000000710700000| Complete 
| 230|0x0000000710800000, 0x0000000710800000, 0x0000000710900000|  0%| F|  |TAMS 0x0000000710800000, 0x0000000710800000| Untracked 
| 231|0x0000000710900000, 0x0000000710900000, 0x0000000710a00000|  0%| F|  |TAMS 0x0000000710900000, 0x0000000710900000| Untracked 
| 232|0x0000000710a00000, 0x0000000710a00000, 0x0000000710b00000|  0%| F|  |TAMS 0x0000000710a00000, 0x0000000710a00000| Untracked 
| 233|0x0000000710b00000, 0x0000000710b00000, 0x0000000710c00000|  0%| F|  |TAMS 0x0000000710b00000, 0x0000000710b00000| Untracked 
| 234|0x0000000710c00000, 0x0000000710c00000, 0x0000000710d00000|  0%| F|  |TAMS 0x0000000710c00000, 0x0000000710c00000| Untracked 
| 235|0x0000000710d00000, 0x0000000710d00000, 0x0000000710e00000|  0%| F|  |TAMS 0x0000000710d00000, 0x0000000710d00000| Untracked 
| 236|0x0000000710e00000, 0x0000000710e00000, 0x0000000710f00000|  0%| F|  |TAMS 0x0000000710e00000, 0x0000000710e00000| Untracked 
| 237|0x0000000710f00000, 0x0000000710f00000, 0x0000000711000000|  0%| F|  |TAMS 0x0000000710f00000, 0x0000000710f00000| Untracked 
| 238|0x0000000711000000, 0x0000000711000000, 0x0000000711100000|  0%| F|  |TAMS 0x0000000711000000, 0x0000000711000000| Untracked 
| 239|0x0000000711100000, 0x0000000711100000, 0x0000000711200000|  0%| F|  |TAMS 0x0000000711100000, 0x0000000711100000| Untracked 
| 240|0x0000000711200000, 0x0000000711200000, 0x0000000711300000|  0%| F|  |TAMS 0x0000000711200000, 0x0000000711200000| Untracked 
| 241|0x0000000711300000, 0x0000000711300000, 0x0000000711400000|  0%| F|  |TAMS 0x0000000711300000, 0x0000000711300000| Untracked 
| 242|0x0000000711400000, 0x0000000711400000, 0x0000000711500000|  0%| F|  |TAMS 0x0000000711400000, 0x0000000711400000| Untracked 
| 243|0x0000000711500000, 0x0000000711500000, 0x0000000711600000|  0%| F|  |TAMS 0x0000000711500000, 0x0000000711500000| Untracked 
| 244|0x0000000711600000, 0x0000000711600000, 0x0000000711700000|  0%| F|  |TAMS 0x0000000711600000, 0x0000000711600000| Untracked 
| 245|0x0000000711700000, 0x0000000711700000, 0x0000000711800000|  0%| F|  |TAMS 0x0000000711700000, 0x0000000711700000| Untracked 
| 246|0x0000000711800000, 0x0000000711800000, 0x0000000711900000|  0%| F|  |TAMS 0x0000000711800000, 0x0000000711800000| Untracked 
| 247|0x0000000711900000, 0x0000000711900000, 0x0000000711a00000|  0%| F|  |TAMS 0x0000000711900000, 0x0000000711900000| Untracked 
| 248|0x0000000711a00000, 0x0000000711a00000, 0x0000000711b00000|  0%| F|  |TAMS 0x0000000711a00000, 0x0000000711a00000| Untracked 
| 249|0x0000000711b00000, 0x0000000711b00000, 0x0000000711c00000|  0%| F|  |TAMS 0x0000000711b00000, 0x0000000711b00000| Untracked 
| 250|0x0000000711c00000, 0x0000000711d00000, 0x0000000711d00000|100%| E|  |TAMS 0x0000000711c00000, 0x0000000711c00000| Complete 
| 251|0x0000000711d00000, 0x0000000711e00000, 0x0000000711e00000|100%| E|CS|TAMS 0x0000000711d00000, 0x0000000711d00000| Complete 
| 252|0x0000000711e00000, 0x0000000711f00000, 0x0000000711f00000|100%| E|CS|TAMS 0x0000000711e00000, 0x0000000711e00000| Complete 
| 253|0x0000000711f00000, 0x0000000712000000, 0x0000000712000000|100%| E|CS|TAMS 0x0000000711f00000, 0x0000000711f00000| Complete 

Card table byte_map: [0x000002005c920000,0x000002005d110000] _byte_map_base: 0x000002005910f000

Marking Bits (Prev, Next): (CMBitMap*) 0x0000020044974008, (CMBitMap*) 0x0000020044974048
 Prev Bits: [0x000002005d900000, 0x0000020061878000)
 Next Bits: [0x0000020061880000, 0x00000200657f8000)

Polling page: 0x00000200440d0000

Metaspace:

Usage:
  Non-class:      8.04 MB capacity,     5.55 MB ( 69%) used,     2.49 MB ( 31%) free+waste,    10.69 KB ( <1%) overhead. 
      Class:    649.00 KB capacity,   348.87 KB ( 54%) used,   295.51 KB ( 46%) free+waste,     4.63 KB ( <1%) overhead. 
       Both:      8.68 MB capacity,     5.89 MB ( 68%) used,     2.78 MB ( 32%) free+waste,    15.31 KB ( <1%) overhead. 

Virtual space:
  Non-class space:       10.00 MB reserved,       8.25 MB ( 83%) committed 
      Class space:        1.00 GB reserved,     768.00 KB ( <1%) committed 
             Both:        1.01 GB reserved,       9.00 MB ( <1%) committed 

Chunk freelists:
   Non-Class:  82.00 KB
       Class:  23.00 KB
        Both:  105.00 KB

MaxMetaspaceSize: 17179869184.00 GB
CompressedClassSpaceSize: 1.00 GB

CodeHeap 'non-profiled nmethods': size=120000Kb used=295Kb max_used=295Kb free=119704Kb
 bounds [0x00000200548d0000, 0x0000020054b40000, 0x000002005be00000]
CodeHeap 'profiled nmethods': size=120000Kb used=1573Kb max_used=1573Kb free=118426Kb
 bounds [0x000002004d3a0000, 0x000002004d610000, 0x00000200548d0000]
CodeHeap 'non-nmethods': size=5760Kb used=1673Kb max_used=1697Kb free=4086Kb
 bounds [0x000002004ce00000, 0x000002004d070000, 0x000002004d3a0000]
 total_blobs=2295 nmethods=841 adapters=885
 compilation: enabled
              stopped_count=0, restarted_count=0
 full_count=0

Compilation events (20 events):
Event: 4.959 Thread 0x0000020068c26800  825       3       jdk.internal.reflect.UnsafeFieldAccessorFactory::newFieldAccessor (676 bytes)
Event: 4.962 Thread 0x0000020068c26800 nmethod 825 0x000002004d520810 code [0x000002004d520ec0, 0x000002004d523d00]
Event: 4.962 Thread 0x0000020068c26800  826       3       jdk.internal.reflect.UnsafeFieldAccessorImpl::<init> (56 bytes)
Event: 4.963 Thread 0x0000020068c26800 nmethod 826 0x000002004d524b90 code [0x000002004d524de0, 0x000002004d525680]
Event: 4.963 Thread 0x0000020068c26800  827       3       jdk.internal.reflect.FieldAccessorImpl::<init> (5 bytes)
Event: 4.963 Thread 0x0000020068c26800 nmethod 827 0x000002004d525990 code [0x000002004d525b40, 0x000002004d525d78]
Event: 4.964 Thread 0x0000020068c26800  830       3       jdk.internal.misc.Unsafe::objectFieldOffset (18 bytes)
Event: 4.964 Thread 0x0000020068c26800 nmethod 830 0x000002004d525e90 code [0x000002004d526060, 0x000002004d526340]
Event: 4.964 Thread 0x0000020068c26800  833       3       jdk.internal.reflect.UnsafeQualifiedLongFieldAccessorImpl::<init> (7 bytes)
Event: 4.964 Thread 0x0000020068c26800 nmethod 833 0x000002004d526410 code [0x000002004d5265c0, 0x000002004d526810]
Event: 4.964 Thread 0x0000020068c26800  834       3       jdk.internal.reflect.UnsafeQualifiedFieldAccessorImpl::<init> (11 bytes)
Event: 4.964 Thread 0x0000020068c26800 nmethod 834 0x000002004d526910 code [0x000002004d526ac0, 0x000002004d526cb0]
Event: 4.964 Thread 0x0000020068c26800  837       3       org.lwjgl.PointerBuffer::put (24 bytes)
Event: 4.965 Thread 0x0000020068c26800 nmethod 837 0x000002004d526d90 code [0x000002004d526f80, 0x000002004d5274f0]
Event: 4.965 Thread 0x0000020068c26800  838       3       org.lwjgl.system.Checks::check (17 bytes)
Event: 4.965 Thread 0x0000020068c26800 nmethod 838 0x000002004d527790 code [0x000002004d527960, 0x000002004d527d30]
Event: 4.965 Thread 0x0000020068c26800  839       3       org.lwjgl.system.CheckIntrinsics::checkIndex (6 bytes)
Event: 4.966 Thread 0x0000020068c26800 nmethod 839 0x000002004d527f10 code [0x000002004d528120, 0x000002004d5288d0]
Event: 4.966 Thread 0x0000020068c26800  832       3       java.lang.reflect.Field::getLong (29 bytes)
Event: 4.966 Thread 0x0000020068c26800 nmethod 832 0x000002004d528b90 code [0x000002004d528da0, 0x000002004d529400]

GC Heap History (2 events):
Event: 4.850 GC heap before
{Heap before GC invocations=0 (full 0):
 garbage-first heap   total 260096K, used 23552K [0x0000000702200000, 0x0000000800000000)
  region size 1024K, 24 young (24576K), 0 survivors (0K)
 Metaspace       used 5520K, capacity 8471K, committed 8576K, reserved 1056768K
  class space    used 315K, capacity 617K, committed 640K, reserved 1048576K
}
Event: 4.856 GC heap after
{Heap after GC invocations=1 (full 0):
 garbage-first heap   total 260096K, used 2253K [0x0000000702200000, 0x0000000800000000)
  region size 1024K, 3 young (3072K), 3 survivors (3072K)
 Metaspace       used 5520K, capacity 8471K, committed 8576K, reserved 1056768K
  class space    used 315K, capacity 617K, committed 640K, reserved 1048576K
}

Deoptimization events (20 events):
Event: 0.915 Thread 0x0000020044907800 DEOPT PACKING pc=0x000002004d45cbf3 sp=0x0000002f3b0faed0
Event: 0.915 Thread 0x0000020044907800 DEOPT UNPACKING pc=0x000002004ce4964e sp=0x0000002f3b0fa330 mode 0
Event: 0.926 Thread 0x0000020044907800 DEOPT PACKING pc=0x000002004d45cbf3 sp=0x0000002f3b0fc970
Event: 0.926 Thread 0x0000020044907800 DEOPT UNPACKING pc=0x000002004ce4964e sp=0x0000002f3b0fbdd0 mode 0
Event: 0.931 Thread 0x0000020044907800 DEOPT PACKING pc=0x000002004d45cbf3 sp=0x0000002f3b0fd100
Event: 0.931 Thread 0x0000020044907800 DEOPT UNPACKING pc=0x000002004ce4964e sp=0x0000002f3b0fc560 mode 0
Event: 0.935 Thread 0x0000020044907800 DEOPT PACKING pc=0x000002004d45cbf3 sp=0x0000002f3b0fc970
Event: 0.935 Thread 0x0000020044907800 DEOPT UNPACKING pc=0x000002004ce4964e sp=0x0000002f3b0fbdd0 mode 0
Event: 0.941 Thread 0x0000020044907800 DEOPT PACKING pc=0x000002004d45cbf3 sp=0x0000002f3b0fc590
Event: 0.942 Thread 0x0000020044907800 DEOPT UNPACKING pc=0x000002004ce4964e sp=0x0000002f3b0fb9f0 mode 0
Event: 0.947 Thread 0x0000020044907800 DEOPT PACKING pc=0x000002004d45cbf3 sp=0x0000002f3b0fbae0
Event: 0.947 Thread 0x0000020044907800 DEOPT UNPACKING pc=0x000002004ce4964e sp=0x0000002f3b0faf40 mode 0
Event: 4.406 Thread 0x0000020044907800 Uncommon trap: trap_request=0xffffff54 fr.pc=0x000002005490b590 relative=0x0000000000000070
Event: 4.406 Thread 0x0000020044907800 Uncommon trap: reason=speculate_null_assert action=make_not_entrant pc=0x000002005490b590 method=sun.misc.Unsafe.getLong(Ljava/lang/Object;J)J @ 5 c2
Event: 4.406 Thread 0x0000020044907800 DEOPT PACKING pc=0x000002005490b590 sp=0x0000002f3b0fe9d0
Event: 4.406 Thread 0x0000020044907800 DEOPT UNPACKING pc=0x000002004ce4912f sp=0x0000002f3b0fe968 mode 2
Event: 4.945 Thread 0x0000020044907800 Uncommon trap: trap_request=0xffffff54 fr.pc=0x000002005490bf18 relative=0x0000000000000078
Event: 4.945 Thread 0x0000020044907800 Uncommon trap: reason=speculate_null_assert action=make_not_entrant pc=0x000002005490bf18 method=sun.misc.Unsafe.putLong(Ljava/lang/Object;JJ)V @ 7 c2
Event: 4.945 Thread 0x0000020044907800 DEOPT PACKING pc=0x000002005490bf18 sp=0x0000002f3b0feb10
Event: 4.945 Thread 0x0000020044907800 DEOPT UNPACKING pc=0x000002004ce4912f sp=0x0000002f3b0feaa8 mode 2

Classes unloaded (0 events):
No events

Classes redefined (0 events):
No events

Internal exceptions (12 events):
Event: 0.604 Thread 0x0000020044907800 Exception <a 'java/lang/NoSuchMethodError'{0x0000000711a0f470}: 'double java.lang.invoke.DirectMethodHandle$Holder.invokeStatic(java.lang.Object)'> (0x0000000711a0f470) 
thrown [t:/workspace/open/src/hotspot/share/interpreter/linkResolver.cpp, line 767]
Event: 0.605 Thread 0x0000020044907800 Exception <a 'java/lang/NoSuchMethodError'{0x0000000711a155d0}: 'double java.lang.invoke.DirectMethodHandle$Holder.invokeStaticInit(java.lang.Object)'> (0x0000000711a155d0) 
thrown [t:/workspace/open/src/hotspot/share/interpreter/linkResolver.cpp, line 767]
Event: 0.699 Thread 0x0000020044907800 Exception <a 'java/lang/NoSuchMethodError'{0x00000007119dcef8}: 'void java.lang.invoke.DelegatingMethodHandle$Holder.delegate(java.lang.Object, java.lang.Object, int, java.lang.Object)'> (0x00000007119dcef8) 
thrown [t:/workspace/open/src/hotspot/share/interpreter/linkResolver.cpp, line 767]
Event: 0.702 Thread 0x0000020044907800 Exception <a 'java/lang/NoSuchMethodError'{0x00000007119e3a68}: 'java.lang.Object java.lang.invoke.DirectMethodHandle$Holder.invokeStaticInit(java.lang.Object, java.lang.Object, java.lang.Object)'> (0x00000007119e3a68) 
thrown [t:/workspace/open/src/hotspot/share/interpreter/linkResolver.cpp, line 767]
Event: 0.831 Thread 0x0000020044907800 Exception <a 'sun/nio/fs/WindowsException'{0x0000000711749e48}> (0x0000000711749e48) 
thrown [t:/workspace/open/src/hotspot/share/prims/jni.cpp, line 598]
Event: 0.832 Thread 0x0000020044907800 Exception <a 'sun/nio/fs/WindowsException'{0x000000071174c5b8}> (0x000000071174c5b8) 
thrown [t:/workspace/open/src/hotspot/share/prims/jni.cpp, line 598]
Event: 0.975 Thread 0x0000020044907800 Exception <a 'sun/nio/fs/WindowsException'{0x00000007115c1ac8}> (0x00000007115c1ac8) 
thrown [t:/workspace/open/src/hotspot/share/prims/jni.cpp, line 598]
Event: 0.975 Thread 0x0000020044907800 Exception <a 'sun/nio/fs/WindowsException'{0x00000007115c1ea0}> (0x00000007115c1ea0) 
thrown [t:/workspace/open/src/hotspot/share/prims/jni.cpp, line 598]
Event: 4.305 Thread 0x0000020044907800 Exception <a 'sun/nio/fs/WindowsException'{0x00000007114cc8f8}> (0x00000007114cc8f8) 
thrown [t:/workspace/open/src/hotspot/share/prims/jni.cpp, line 598]
Event: 4.305 Thread 0x0000020044907800 Exception <a 'sun/nio/fs/WindowsException'{0x00000007114ccd08}> (0x00000007114ccd08) 
thrown [t:/workspace/open/src/hotspot/share/prims/jni.cpp, line 598]
Event: 4.315 Thread 0x0000020044907800 Exception <a 'sun/nio/fs/WindowsException'{0x00000007114ea570}> (0x00000007114ea570) 
thrown [t:/workspace/open/src/hotspot/share/prims/jni.cpp, line 598]
Event: 4.315 Thread 0x0000020044907800 Exception <a 'sun/nio/fs/WindowsException'{0x00000007114ea8c0}> (0x00000007114ea8c0) 
thrown [t:/workspace/open/src/hotspot/share/prims/jni.cpp, line 598]

Events (20 events):
Event: 4.983 Executing VM operation: GetFrameLocation
Event: 4.983 Executing VM operation: GetFrameLocation done
Event: 4.983 Executing VM operation: get/set locals
Event: 4.983 Executing VM operation: get/set locals done
Event: 4.984 Executing VM operation: GetFrameCount
Event: 4.984 Executing VM operation: GetFrameCount done
Event: 4.984 Executing VM operation: GetStackTrace
Event: 4.984 Executing VM operation: GetStackTrace done
Event: 4.985 Executing VM operation: GetFrameLocation
Event: 4.985 Executing VM operation: GetFrameLocation done
Event: 4.985 Executing VM operation: get/set locals
Event: 4.985 Executing VM operation: get/set locals done
Event: 4.986 Executing VM operation: GetFrameCount
Event: 4.986 Executing VM operation: GetFrameCount done
Event: 4.986 Executing VM operation: GetStackTrace
Event: 4.986 Executing VM operation: GetStackTrace done
Event: 6.170 loading class org/lwjgl/system/MultiReleaseTextDecoding
Event: 6.170 loading class org/lwjgl/system/MultiReleaseTextDecoding done
Event: 6.171 loading class java/nio/HeapIntBuffer
Event: 6.171 loading class java/nio/HeapIntBuffer done


Dynamic libraries:
0x00007ff754b10000 - 0x00007ff754b1f000 	C:\Program Files\Java\jdk-13.0.1\bin\java.exe
0x00007ffef9040000 - 0x00007ffef9230000 	C:\WINDOWS\SYSTEM32\ntdll.dll
0x00007ffef72e0000 - 0x00007ffef7392000 	C:\WINDOWS\System32\KERNEL32.DLL
0x00007ffef6000000 - 0x00007ffef62a5000 	C:\WINDOWS\System32\KERNELBASE.dll
0x00007ffef6fc0000 - 0x00007ffef70ba000 	C:\WINDOWS\System32\ucrtbase.dll
0x00007ffeebb10000 - 0x00007ffeebb28000 	C:\Program Files\Java\jdk-13.0.1\bin\jli.dll
0x00007ffeeedb0000 - 0x00007ffeeedc5000 	C:\Program Files\Java\jdk-13.0.1\bin\VCRUNTIME140.dll
0x00007ffef8150000 - 0x00007ffef81f3000 	C:\WINDOWS\System32\ADVAPI32.dll
0x00007ffef8540000 - 0x00007ffef85de000 	C:\WINDOWS\System32\msvcrt.dll
0x00007ffef76d0000 - 0x00007ffef7767000 	C:\WINDOWS\System32\sechost.dll
0x00007ffef8eb0000 - 0x00007ffef8fcf000 	C:\WINDOWS\System32\RPCRT4.dll
0x00007ffef7530000 - 0x00007ffef76c4000 	C:\WINDOWS\System32\USER32.dll
0x00007ffedf780000 - 0x00007ffedfa04000 	C:\WINDOWS\WinSxS\amd64_microsoft.windows.common-controls_6595b64144ccf1df_6.0.18362.1440_none_9e7dbfb9e45e8e67\COMCTL32.dll
0x00007ffef5fd0000 - 0x00007ffef5ff1000 	C:\WINDOWS\System32\win32u.dll
0x00007ffef8fd0000 - 0x00007ffef8ff6000 	C:\WINDOWS\System32\GDI32.dll
0x00007ffef8200000 - 0x00007ffef8536000 	C:\WINDOWS\System32\combase.dll
0x00007ffef66a0000 - 0x00007ffef6838000 	C:\WINDOWS\System32\gdi32full.dll
0x00007ffef6450000 - 0x00007ffef64d1000 	C:\WINDOWS\System32\bcryptPrimitives.dll
0x00007ffef63b0000 - 0x00007ffef644e000 	C:\WINDOWS\System32\msvcp_win.dll
0x00007ffee8500000 - 0x00007ffee850a000 	C:\WINDOWS\SYSTEM32\VERSION.dll
0x00007ffef73a0000 - 0x00007ffef73ce000 	C:\WINDOWS\System32\IMM32.DLL
0x00007ffee1940000 - 0x00007ffee19db000 	C:\Program Files\Java\jdk-13.0.1\bin\msvcp140.dll
0x00007ffea5d40000 - 0x00007ffea68a6000 	C:\Program Files\Java\jdk-13.0.1\bin\server\jvm.dll
0x00007ffef8640000 - 0x00007ffef8648000 	C:\WINDOWS\System32\PSAPI.DLL
0x00007ffedd4e0000 - 0x00007ffedd4e9000 	C:\WINDOWS\SYSTEM32\WSOCK32.dll
0x00007ffef2b60000 - 0x00007ffef2b84000 	C:\WINDOWS\SYSTEM32\WINMM.dll
0x00007ffef78a0000 - 0x00007ffef790f000 	C:\WINDOWS\System32\WS2_32.dll
0x00007ffef2b30000 - 0x00007ffef2b5d000 	C:\WINDOWS\SYSTEM32\WINMMBASE.dll
0x00007ffef6360000 - 0x00007ffef63aa000 	C:\WINDOWS\System32\cfgmgr32.dll
0x00007ffef5f00000 - 0x00007ffef5f11000 	C:\WINDOWS\System32\kernel.appcore.dll
0x00007ffef34f0000 - 0x00007ffef3500000 	C:\Program Files\Java\jdk-13.0.1\bin\verify.dll
0x00007ffef4770000 - 0x00007ffef4964000 	C:\WINDOWS\SYSTEM32\DBGHELP.DLL
0x00007ffed8a50000 - 0x00007ffed8a7a000 	C:\WINDOWS\SYSTEM32\dbgcore.DLL
0x00007ffeebae0000 - 0x00007ffeebb06000 	C:\Program Files\Java\jdk-13.0.1\bin\java.dll
0x00007ffee2260000 - 0x00007ffee2298000 	C:\Program Files\Java\jdk-13.0.1\bin\jdwp.dll
0x00007ffeee7a0000 - 0x00007ffeee7ae000 	C:\Program Files\Java\jdk-13.0.1\bin\instrument.dll
0x00007ffeeb7c0000 - 0x00007ffeeb7d7000 	C:\Program Files\Java\jdk-13.0.1\bin\zip.dll
0x00007ffef3490000 - 0x00007ffef349a000 	C:\Program Files\Java\jdk-13.0.1\bin\jimage.dll
0x00007ffef7910000 - 0x00007ffef7ff8000 	C:\WINDOWS\System32\SHELL32.dll
0x00007ffef8e00000 - 0x00007ffef8ea7000 	C:\WINDOWS\System32\shcore.dll
0x00007ffef6840000 - 0x00007ffef6fbb000 	C:\WINDOWS\System32\windows.storage.dll
0x00007ffef5f40000 - 0x00007ffef5f5e000 	C:\WINDOWS\System32\profapi.dll
0x00007ffef5f60000 - 0x00007ffef5faa000 	C:\WINDOWS\System32\powrprof.dll
0x00007ffef5ef0000 - 0x00007ffef5f00000 	C:\WINDOWS\System32\UMPDC.dll
0x00007ffef85e0000 - 0x00007ffef8632000 	C:\WINDOWS\System32\shlwapi.dll
0x00007ffef5fb0000 - 0x00007ffef5fc7000 	C:\WINDOWS\System32\cryptsp.dll
0x00007ffeebc10000 - 0x00007ffeebc1b000 	C:\Program Files\Java\jdk-13.0.1\bin\dt_socket.dll
0x00007ffef5680000 - 0x00007ffef56e7000 	C:\WINDOWS\system32\mswsock.dll
0x00007ffeeb7a0000 - 0x00007ffeeb7b9000 	C:\Program Files\Java\jdk-13.0.1\bin\net.dll
0x00007ffeefb80000 - 0x00007ffeefc7a000 	C:\WINDOWS\SYSTEM32\WINHTTP.dll
0x00007ffee7d20000 - 0x00007ffee7d33000 	C:\Program Files\Java\jdk-13.0.1\bin\nio.dll
0x00007ffebbe10000 - 0x00007ffebbe74000 	C:\Users\Christoffer Rydberg\AppData\Local\Temp\lwjglChristoffer Rydberg\3.2.3-build-13\lwjgl.dll
0x00007ffeaf530000 - 0x00007ffeaf592000 	C:\Users\CHRIST~1\AppData\Local\Temp\lwjglChristoffer Rydberg\3.2.3-build-13\glfw.dll
0x00007ffef3df0000 - 0x00007ffef3e89000 	C:\WINDOWS\system32\uxtheme.dll
0x00007ffeda3d0000 - 0x00007ffeda413000 	C:\WINDOWS\SYSTEM32\dinput8.dll
0x00007ffee7c90000 - 0x00007ffee7ca1000 	C:\WINDOWS\SYSTEM32\xinput1_4.dll
0x00007ffef5cd0000 - 0x00007ffef5cfa000 	C:\WINDOWS\SYSTEM32\DEVOBJ.dll
0x00007ffef4140000 - 0x00007ffef416d000 	C:\WINDOWS\SYSTEM32\dwmapi.dll
0x00007ffec6a90000 - 0x00007ffec6bac000 	C:\WINDOWS\SYSTEM32\inputhost.dll
0x00007ffef3b20000 - 0x00007ffef3c10000 	C:\WINDOWS\SYSTEM32\PROPSYS.dll
0x00007ffef1210000 - 0x00007ffef153a000 	C:\WINDOWS\SYSTEM32\CoreUIComponents.dll
0x00007ffef73f0000 - 0x00007ffef74b5000 	C:\WINDOWS\System32\OLEAUT32.dll
0x00007ffef3870000 - 0x00007ffef3944000 	C:\WINDOWS\SYSTEM32\CoreMessaging.dll
0x00007ffef1090000 - 0x00007ffef11e2000 	C:\WINDOWS\SYSTEM32\wintypes.dll
0x00007ffef4ed0000 - 0x00007ffef4f01000 	C:\WINDOWS\SYSTEM32\ntmarta.dll
0x00007ffef8000000 - 0x00007ffef8135000 	C:\WINDOWS\System32\MSCTF.dll
0x00007ffef4970000 - 0x00007ffef497e000 	C:\WINDOWS\SYSTEM32\HID.DLL
0x00007ffef8990000 - 0x00007ffef8e00000 	C:\WINDOWS\System32\SETUPAPI.DLL
0x00007ffef70c0000 - 0x00007ffef70e6000 	C:\WINDOWS\System32\bcrypt.dll
0x00007ffef6640000 - 0x00007ffef669c000 	C:\WINDOWS\System32\WINTRUST.dll
0x00007ffef5f20000 - 0x00007ffef5f32000 	C:\WINDOWS\System32\MSASN1.dll
0x00007ffef64e0000 - 0x00007ffef6631000 	C:\WINDOWS\System32\CRYPT32.dll
0x00007ffed9b50000 - 0x00007ffed9ca6000 	C:\WINDOWS\SYSTEM32\opengl32.dll
0x00007ffeebc20000 - 0x00007ffeebc4c000 	C:\WINDOWS\SYSTEM32\GLU32.dll
0x00007ffef4ad0000 - 0x00007ffef4af0000 	C:\WINDOWS\SYSTEM32\dxcore.dll
0x00007ffe5bcf0000 - 0x00007ffe5e535000 	C:\WINDOWS\System32\DriverStore\FileRepository\nvam.inf_amd64_1cb913a256e10ee4\nvoglv64.dll
0x00007ffef7100000 - 0x00007ffef7257000 	C:\WINDOWS\System32\ole32.dll
0x00007ffef4980000 - 0x00007ffef4993000 	C:\WINDOWS\SYSTEM32\WTSAPI32.dll
0x00007ffed1b70000 - 0x00007ffed1e31000 	C:\WINDOWS\system32\nvspcap64.dll
0x00007ffef5940000 - 0x00007ffef5996000 	C:\WINDOWS\SYSTEM32\WINSTA.dll
0x00007ffef4b60000 - 0x00007ffef4c4b000 	C:\WINDOWS\SYSTEM32\dxgi.dll
0x00007ffef2b90000 - 0x00007ffef2deb000 	C:\WINDOWS\SYSTEM32\d3d11.dll
0x00007ffec4b80000 - 0x00007ffec4c82000 	C:\WINDOWS\System32\DriverStore\FileRepository\nvam.inf_amd64_1cb913a256e10ee4\nvldumdx.dll
0x00007ffee84d0000 - 0x00007ffee84ff000 	C:\WINDOWS\SYSTEM32\cryptnet.dll
0x00007ffef5800000 - 0x00007ffef580c000 	C:\WINDOWS\SYSTEM32\cryptbase.dll
0x00007ffef73d0000 - 0x00007ffef73ed000 	C:\WINDOWS\System32\imagehlp.dll
0x00007ffef5210000 - 0x00007ffef5243000 	C:\WINDOWS\system32\rsaenh.dll
0x00007ffea24e0000 - 0x00007ffea4ebb000 	C:\WINDOWS\System32\DriverStore\FileRepository\nvam.inf_amd64_1cb913a256e10ee4\nvwgf2umx.dll
0x00007ffee6500000 - 0x00007ffee6a54000 	C:\WINDOWS\SYSTEM32\nvapi64.dll
0x00007ffeaef10000 - 0x00007ffeaef69000 	C:\Users\Christoffer Rydberg\AppData\Local\Temp\lwjglChristoffer Rydberg\3.2.3-build-13\lwjgl_opengl.dll

dbghelp: loaded successfully - version: 4.0.5 - missing functions: none
symbol engine: initialized successfully - sym options: 0x614 - pdb path: .;C:\Program Files\Java\jdk-13.0.1\bin;C:\WINDOWS\SYSTEM32;C:\WINDOWS\WinSxS\amd64_microsoft.windows.common-controls_6595b64144ccf1df_6.0.18362.1440_none_9e7dbfb9e45e8e67;C:\Program Files\Java\jdk-13.0.1\bin\server;C:\Users\Christoffer Rydberg\AppData\Local\Temp\lwjglChristoffer Rydberg\3.2.3-build-13;C:\Users\CHRIST~1\AppData\Local\Temp\lwjglChristoffer Rydberg\3.2.3-build-13;C:\WINDOWS\System32\DriverStore\FileRepository\nvam.inf_amd64_1cb913a256e10ee4

VM Arguments:
jvm_args: -agentlib:jdwp=transport=dt_socket,address=127.0.0.1:50997,suspend=y,server=n -javaagent:C:\Users\CHRIST~1\AppData\Local\Temp\groovyHotSwap290jars\gragent.jar -javaagent:C:\Users\CHRIST~1\AppData\Local\Temp\captureAgent1076jars\debugger-agent.jar -Dfile.encoding=UTF-8 
java_command: com.gamelibrary2d.demos.drawing.DrawingDemo
java_class_path (initial): C:\Users\Christoffer Rydberg\source\repos\JavaGames\gamelibrary2d\demos\drawing-demo\target\classes;C:\Users\Christoffer Rydberg\source\repos\JavaGames\gamelibrary2d\api\gamelibrary2d-core\target\classes;C:\Users\Christoffer Rydberg\source\repos\JavaGames\gamelibrary2d\api\gamelibrary2d-common\target\classes;C:\Users\Christoffer Rydberg\source\repos\JavaGames\gamelibrary2d\api\gamelibrary2d-sound\target\classes;C:\Users\Christoffer Rydberg\source\repos\JavaGames\gamelibrary2d\api\gamelibrary2d-framework\target\classes;C:\Users\Christoffer Rydberg\.m2\repository\org\apache\commons\commons-imaging\1.0-alpha2\commons-imaging-1.0-alpha2.jar;C:\Users\Christoffer Rydberg\source\repos\JavaGames\gamelibrary2d\api\gamelibrary2d-framework-lwjgl\target\classes;C:\Users\Christoffer Rydberg\.m2\repository\org\lwjgl\lwjgl\3.2.3\lwjgl-3.2.3.jar;C:\Users\Christoffer Rydberg\.m2\repository\org\lwjgl\lwjgl\3.2.3\lwjgl-3.2.3-natives-windows.jar;C:\Users\Christoffer Rydberg\.m2\repository\org\lwjgl\lwjgl\3.2.3\lwjgl-3.2.3-javadoc.jar;C:\Users\Christoffer Rydberg\.m2\repository\org\lwjgl\lwjgl-glfw\3.2.3\lwjgl-glfw-3.2.3.jar;C:\Users\Christoffer Rydberg\.m2\repository\org\lwjgl\lwjgl-glfw\3.2.3\lwjgl-glfw-3.2.3-natives-windows.jar;C:\Users\Christoffer Rydberg\.m2\repository\org\lwjgl\lwjgl-glfw\3.2.3\lwjgl-glfw-3.2.3-javadoc.jar;C:\Users\Christoffer Rydberg\.m2\repository\org\lwjgl\lwjgl-opengl\3.2.3\lwjgl-opengl-3.2.3.jar;C:\Users\Christoffer Rydberg\.m2\repository\org\lwjgl\lwjgl-opengl\3.2.3\lwjgl-opengl-3.2.3-natives-windows.jar;C:\Users\Christoffer Rydberg\.m2\repository\org\lwjgl\lwjgl-opengl\3.2.3\lwjgl-opengl-3.2.3-javadoc.jar;C:\Users\Christoffer Rydberg\.m2\repository\org\lwjgl\lwjgl-stb\3.2.3\lwjgl-stb-3.2.3.jar;C:\Users\Christoffer Rydberg\.m2\repository\org\lwjgl\lwjgl-stb\3.2.3\lwjgl-stb-3.2.3-javadoc.jar;C:\Users\Christoffer Rydberg\.m2\repository\org\lwjgl\lwjgl-stb\3.2.3\lwjgl-stb-3.2.3-natives-windows.jar;C:\Program Files\JetBrains\IntelliJ
Launcher Type: SUN_STANDARD

[Global flags]
     intx CICompilerCount                          = 4                                         {product} {ergonomic}
     uint ConcGCThreads                            = 2                                         {product} {ergonomic}
     uint G1ConcRefinementThreads                  = 8                                         {product} {ergonomic}
   size_t G1HeapRegionSize                         = 1048576                                   {product} {ergonomic}
    uintx GCDrainStackTargetSize                   = 64                                        {product} {ergonomic}
   size_t InitialHeapSize                          = 266338304                                 {product} {ergonomic}
   size_t MarkStackSize                            = 4194304                                   {product} {ergonomic}
   size_t MaxHeapSize                              = 4259315712                                {product} {ergonomic}
   size_t MaxNewSize                               = 2555379712                                {product} {ergonomic}
   size_t MinHeapDeltaBytes                        = 1048576                                   {product} {ergonomic}
   size_t MinHeapSize                              = 8388608                                   {product} {ergonomic}
    uintx NonNMethodCodeHeapSize                   = 5836300                                {pd product} {ergonomic}
    uintx NonProfiledCodeHeapSize                  = 122910970                              {pd product} {ergonomic}
    uintx ProfiledCodeHeapSize                     = 122910970                              {pd product} {ergonomic}
    uintx ReservedCodeCacheSize                    = 251658240                              {pd product} {ergonomic}
     bool SegmentedCodeCache                       = true                                      {product} {ergonomic}
   size_t SoftMaxHeapSize                          = 4259315712                             {manageable} {ergonomic}
     bool UseCompressedClassPointers               = true                                 {lp64_product} {ergonomic}
     bool UseCompressedOops                        = true                                 {lp64_product} {ergonomic}
     bool UseG1GC                                  = true                                      {product} {ergonomic}
     bool UseLargePagesIndividualAllocation        = false                                  {pd product} {ergonomic}

Logging:
Log output configuration:
 #0: stdout all=warning uptime,level,tags
 #1: stderr all=off uptime,level,tags

Environment Variables:
JAVA_HOME=C:\Program Files\Java\jdk-13.0.1
PATH=C:\Program Files\ImageMagick-7.0.10-Q16-HDRI;C:\ProgramData\DockerDesktop\version-bin;C:\Program Files\Docker\Docker\Resources\bin;C:\Program Files (x86)\Intel\iCLS Client\;C:\Program Files\Intel\iCLS Client\;C:\Windows\system32;C:\Windows;C:\Windows\System32\Wbem;C:\Windows\System32\WindowsPowerShell\v1.0\;C:\Program Files (x86)\Intel\Intel(R) Management Engine Components\DAL;C:\Program Files\Intel\Intel(R) Management Engine Components\DAL;C:\Program Files (x86)\Intel\Intel(R) Management Engine Components\IPT;C:\Program Files\Intel\Intel(R) Management Engine Components\IPT;C:\Program Files (x86)\NVIDIA Corporation\PhysX\Common;C:\WINDOWS\system32;C:\WINDOWS;C:\WINDOWS\System32\Wbem;C:\WINDOWS\System32\WindowsPowerShell\v1.0\;C:\WINDOWS\System32\OpenSSH\;C:\Program Files (x86)\GitExtensions\;C:\Program Files\dotnet\;C:\Program Files\Microsoft SQL Server\130\Tools\Binn\;C:\Program Files\MongoDB\Server\4.0\bin;C:\Users\Christoffer Rydberg\Scripts;C:\Program Files\PuTTY\;C:\Program Files\PostgreSQL\10\bin;C:\Program Files\MySQL\MySQL Server 8.0\bin;C:\Program Files\Microsoft\Web Platform Installer\;C:\Program Files\Microsoft Service Fabric\bin\Fabric\Fabric.Code;C:\Program Files\Microsoft SDKs\Service Fabric\Tools\ServiceFabricLocalClusterManager;C:\ProgramData\chocolatey\bin;C:\Program Files\Git\cmd;C:\Program Files\Intel\WiFi\bin\;C:\Program Files\Common Files\Intel\WirelessCommon\;C:\Program Files\Java\jdk-12.0.1\bin;C:\Program Files\NVIDIA Corporation\NVIDIA NvDLISR;C:\ProgramData\chocolatey\lib\maven\apache-maven-3.6.2\bin;C:\Program Files\Java\jdk-13.0.1\bin;C:\Program Files\Microsoft SQL Server\Client SDK\ODBC\170\Tools\Binn\;C:\Program Files\nodejs\;C:\Program Files\PostgreSQL\13\bin;C:\Program Files\PostgreSQL\13\lib;C:\Users\Christoffer Rydberg\AppData\Local\Microsoft\WindowsApps;C:\Users\Christoffer Rydberg\.dotnet\tools;C:\Users\Christoffer Rydberg\AppData\Local\Programs\Microsoft VS Code\bin;C:\Users\Christoffer Rydberg\AppData\Local\Google\Cloud SDK\goo
USERNAME=Christoffer Rydberg
OS=Windows_NT
PROCESSOR_IDENTIFIER=Intel64 Family 6 Model 142 Stepping 10, GenuineIntel



---------------  S Y S T E M  ---------------

OS: Windows 10 , 64 bit Build 18362 (10.0.18362.1350)
HyperV virtualization detected

CPU:total 8 (initial active 8) (4 cores per cpu, 2 threads per core) family 6 model 142 stepping 10, cmov, cx8, fxsr, mmx, sse, sse2, sse3, ssse3, sse4.1, sse4.2, popcnt, avx, avx2, aes, clmul, erms, 3dnowpref, lzcnt, ht, tsc, tscinvbit, bmi1, bmi2, adx, fma

Memory: 4k page, system-wide physical 16244M (6771M free)
TotalPageFile size 19700M (AvailPageFile size 6718M)
current process WorkingSet (physical memory assigned to process): 108M, peak: 113M
current process commit charge ("private bytes"): 428M, peak: 432M

vm_info: Java HotSpot(TM) 64-Bit Server VM (13.0.1+9) for windows-amd64 JRE (13.0.1+9), built on Oct  6 2019 12:37:49 by "mach5one" with unknown MS VC++:1916

END.
